<?xml version="1.0" encoding="UTF-8"?>
<coverage generated="1697578847914" clover="3.2.0">
  <project timestamp="1697578847914" name="All files">
    <metrics statements="10" coveredstatements="9" conditionals="0" coveredconditionals="0" methods="5" coveredmethods="4" elements="15" coveredelements="13" complexity="0" loc="10" ncloc="10" packages="1" files="4" classes="4"/>
    <file name="isPalindrome.js" path="/Users/alicegoeunchoi/Desktop/TDD/Fun TDD Introduction with JavaScript/mine/TTD First Project/tests/isPalindrome.js">
      <metrics statements="4" coveredstatements="3" conditionals="0" coveredconditionals="0" methods="2" coveredmethods="1"/>
      <line num="2" count="0" type="stmt"/>
      <line num="5" count="1" type="stmt"/>
      <line num="8" count="2" type="stmt"/>
      <line num="11" count="1" type="stmt"/>
    </file>
    <file name="reverseString.js" path="/Users/alicegoeunchoi/Desktop/TDD/Fun TDD Introduction with JavaScript/mine/TTD First Project/tests/reverseString.js">
      <metrics statements="2" coveredstatements="2" conditionals="0" coveredconditionals="0" methods="1" coveredmethods="1"/>
      <line num="20" count="3" type="stmt"/>
      <line num="23" count="2" type="stmt"/>
    </file>
    <file name="shallowObjClone.js" path="/Users/alicegoeunchoi/Desktop/TDD/Fun TDD Introduction with JavaScript/mine/TTD First Project/tests/shallowObjClone.js">
      <metrics statements="2" coveredstatements="2" conditionals="0" coveredconditionals="0" methods="1" coveredmethods="1"/>
      <line num="3" count="1" type="stmt"/>
      <line num="6" count="1" type="stmt"/>
    </file>
    <file name="sum.js" path="/Users/alicegoeunchoi/Desktop/TDD/Fun TDD Introduction with JavaScript/mine/TTD First Project/tests/sum.js">
      <metrics statements="2" coveredstatements="2" conditionals="0" coveredconditionals="0" methods="1" coveredmethods="1"/>
      <line num="3" count="1" type="stmt"/>
      <line num="6" count="1" type="stmt"/>
    </file>
  </project>
</coverage>
