{"/Users/alicegoeunchoi/Desktop/TDD/Fun TDD Introduction with JavaScript/mine/TTD First Project/tests/isPalindrome.js": {"path":"/Users/alicegoeunchoi/Desktop/TDD/Fun TDD Introduction with JavaScript/mine/TTD First Project/tests/isPalindrome.js","statementMap":{"0":{"start":{"line":2,"column":2},"end":{"line":2,"column":90}},"1":{"start":{"line":5,"column":22},"end":{"line":5,"column":48}},"2":{"start":{"line":8,"column":2},"end":{"line":8,"column":66}},"3":{"start":{"line":11,"column":0},"end":{"line":11,"column":30}}},"fnMap":{"0":{"name":"nonFullCoverage","decl":{"start":{"line":1,"column":9},"end":{"line":1,"column":24}},"loc":{"start":{"line":1,"column":27},"end":{"line":3,"column":1}},"line":1},"1":{"name":"isPalindrome","decl":{"start":{"line":7,"column":9},"end":{"line":7,"column":21}},"loc":{"start":{"line":7,"column":28},"end":{"line":9,"column":1}},"line":7}},"branchMap":{},"s":{"0":0,"1":1,"2":2,"3":1},"f":{"0":0,"1":2},"b":{},"_coverageSchema":"1a1c01bbd47fc00a2c39e90264f33305004495a9","hash":"dcbc588e1672efec42e0379bb9a952f22e3289db"}
,"/Users/alicegoeunchoi/Desktop/TDD/Fun TDD Introduction with JavaScript/mine/TTD First Project/tests/reverseString.js": {"path":"/Users/alicegoeunchoi/Desktop/TDD/Fun TDD Introduction with JavaScript/mine/TTD First Project/tests/reverseString.js","statementMap":{"0":{"start":{"line":20,"column":4},"end":{"line":20,"column":72}},"1":{"start":{"line":23,"column":0},"end":{"line":23,"column":31}}},"fnMap":{"0":{"name":"reverseString","decl":{"start":{"line":18,"column":9},"end":{"line":18,"column":22}},"loc":{"start":{"line":18,"column":29},"end":{"line":21,"column":1}},"line":18}},"branchMap":{},"s":{"0":3,"1":2},"f":{"0":3},"b":{},"_coverageSchema":"1a1c01bbd47fc00a2c39e90264f33305004495a9","hash":"3ca97ea5409ae68b141857385e210f4b57fa0c5c"}
,"/Users/alicegoeunchoi/Desktop/TDD/Fun TDD Introduction with JavaScript/mine/TTD First Project/tests/shallowObjClone.js": {"path":"/Users/alicegoeunchoi/Desktop/TDD/Fun TDD Introduction with JavaScript/mine/TTD First Project/tests/shallowObjClone.js","statementMap":{"0":{"start":{"line":3,"column":0},"end":{"line":3,"column":15}},"1":{"start":{"line":6,"column":0},"end":{"line":6,"column":33}}},"fnMap":{"0":{"name":"shallowObjClone","decl":{"start":{"line":1,"column":9},"end":{"line":1,"column":24}},"loc":{"start":{"line":1,"column":31},"end":{"line":4,"column":1}},"line":1}},"branchMap":{},"s":{"0":1,"1":1},"f":{"0":1},"b":{},"_coverageSchema":"1a1c01bbd47fc00a2c39e90264f33305004495a9","hash":"f9c08b627b44074de40a0526e6eb25f4c89e20ab"}
,"/Users/alicegoeunchoi/Desktop/TDD/Fun TDD Introduction with JavaScript/mine/TTD First Project/tests/sum.js": {"path":"/Users/alicegoeunchoi/Desktop/TDD/Fun TDD Introduction with JavaScript/mine/TTD First Project/tests/sum.js","statementMap":{"0":{"start":{"line":3,"column":4},"end":{"line":3,"column":15}},"1":{"start":{"line":6,"column":0},"end":{"line":6,"column":21}}},"fnMap":{"0":{"name":"sum","decl":{"start":{"line":1,"column":9},"end":{"line":1,"column":12}},"loc":{"start":{"line":1,"column":19},"end":{"line":4,"column":1}},"line":1}},"branchMap":{},"s":{"0":1,"1":1},"f":{"0":1},"b":{},"_coverageSchema":"1a1c01bbd47fc00a2c39e90264f33305004495a9","hash":"e39c83a084e5da3890bfc6ab6505fbcf54323c45"}
}
