TN:
SF:TTD First Project/tests/isPalindrome.js
FN:1,nonFullCoverage
FN:7,isPalindrome
FNF:2
FNH:1
FNDA:0,nonFullCoverage
FNDA:2,isPalindrome
DA:2,0
DA:5,1
DA:8,2
DA:11,1
LF:4
LH:3
BRF:0
BRH:0
end_of_record
TN:
SF:TTD First Project/tests/reverseString.js
FN:18,reverseString
FNF:1
FNH:1
FNDA:3,reverseString
DA:20,3
DA:23,2
LF:2
LH:2
BRF:0
BRH:0
end_of_record
TN:
SF:TTD First Project/tests/shallowObjClone.js
FN:1,shallowObjClone
FNF:1
FNH:1
FNDA:1,shallowObjClone
DA:3,1
DA:6,1
LF:2
LH:2
BRF:0
BRH:0
end_of_record
TN:
SF:TTD First Project/tests/sum.js
FN:1,sum
FNF:1
FNH:1
FNDA:1,sum
DA:3,1
DA:6,1
LF:2
LH:2
BRF:0
BRH:0
end_of_record
